[debug] [2023-12-17T20:03:52.136Z] ----------------------------------------------------------------------
[debug] [2023-12-17T20:03:52.137Z] Command:       /usr/local/bin/node /usr/local/bin/firebase emulators:start --only functions
[debug] [2023-12-17T20:03:52.137Z] CLI Version:   12.5.3
[debug] [2023-12-17T20:03:52.137Z] Platform:      darwin
[debug] [2023-12-17T20:03:52.137Z] Node Version:  v16.14.2
[debug] [2023-12-17T20:03:52.140Z] Time:          Sun Dec 17 2023 23:03:52 GMT+0300 (Arabian Standard Time)
[debug] [2023-12-17T20:03:52.140Z] ----------------------------------------------------------------------
[debug] 
[warn] ⚠  functions: The functions emulator is configured but there is no functions source directory. Have you run firebase init functions? {"metadata":{"emulator":{"name":"functions"},"message":"The functions emulator is configured but there is no functions source directory. Have you run \u001b[1mfirebase init functions\u001b[22m?"}}
[debug] [2023-12-17T20:03:52.153Z] > command requires scopes: ["email","openid","https://www.googleapis.com/auth/cloudplatformprojects.readonly","https://www.googleapis.com/auth/firebase","https://www.googleapis.com/auth/cloud-platform"]
[debug] [2023-12-17T20:03:52.153Z] > authorizing via signed-in user (hereahmad@gmail.com)
[warn] ⚠  Could not find config (firebase.json) so using defaults. 
[info] i  emulators: Starting emulators: functions {"metadata":{"emulator":{"name":"hub"},"message":"Starting emulators: functions"}}
[debug] [2023-12-17T20:03:52.240Z] [logging] Logging Emulator only supports listening on one address (127.0.0.1). Not listening on ::1
[debug] [2023-12-17T20:03:52.240Z] assigned listening specs for emulators {"user":{"logging":[{"address":"127.0.0.1","family":"IPv4","port":4500}]},"metadata":{"message":"assigned listening specs for emulators"}}
[warn] ⚠  functions: The functions emulator is configured but there is no functions source directory. Have you run firebase init functions? {"metadata":{"emulator":{"name":"functions"},"message":"The functions emulator is configured but there is no functions source directory. Have you run \u001b[1mfirebase init functions\u001b[22m?"}}
[warn] ⚠  emulators: The Emulator UI is not starting, either because none of the running emulators have a UI component or the Emulator UI cannot determine the Project ID. Pass the --project flag to specify a project. {"metadata":{"emulator":{"name":"hub"},"message":"The Emulator UI is not starting, either because none of the running emulators have a UI component or the Emulator UI cannot determine the Project ID. Pass the --project flag to specify a project."}}
[info] 
┌─────────────────────────────────────────────────────────────┐
│ ✔  All emulators ready! It is now safe to connect your app. │
└─────────────────────────────────────────────────────────────┘

┌───────────┬──────────────────────────────────┐
│ Emulator  │ Host:Port                        │
├───────────┼──────────────────────────────────┤
│ Functions │ Failed to initialize (see above) │
└───────────┴──────────────────────────────────┘
  Emulator Hub not running.
  Other reserved ports: 4500

Issues? Report them at https://github.com/firebase/firebase-tools/issues and attach the *-debug.log files.
 
